<?xml version="1.0" ?>
<coverage version="5.5" timestamp="1631831214675" lines-valid="869" lines-covered="865" line-rate="0.9954" branches-valid="361" branches-covered="302" branch-rate="0.8366" complexity="0">
	<!-- Generated by coverage.py: https://coverage.readthedocs.io -->
	<!-- Based on https://raw.githubusercontent.com/cobertura/web/master/htdocs/xml/coverage-04.dtd -->
	<sources>
		<source>/media/sf_Dropbox/code/justuse</source>
	</sources>
	<packages>
		<package name="src.use" line-rate="0.9954" branch-rate="0.8366" complexity="0">
			<classes>
				<class name="__init__.py" filename="src/use/__init__.py" complexity="0" line-rate="0.6667" branch-rate="1">
					<methods/>
					<lines>
						<line number="1" hits="1"/>
						<line number="2" hits="1"/>
						<line number="4" hits="1"/>
						<line number="5" hits="0"/>
						<line number="7" hits="0"/>
						<line number="9" hits="1"/>
					</lines>
				</class>
				<class name="use.py" filename="src/use/use.py" complexity="0" line-rate="0.9977" branch-rate="0.8366">
					<methods/>
					<lines>
						<line number="68" hits="1"/>
						<line number="70" hits="1"/>
						<line number="71" hits="1"/>
						<line number="72" hits="1"/>
						<line number="73" hits="1"/>
						<line number="74" hits="1"/>
						<line number="75" hits="1"/>
						<line number="76" hits="1"/>
						<line number="77" hits="1"/>
						<line number="78" hits="1"/>
						<line number="79" hits="1"/>
						<line number="80" hits="1"/>
						<line number="81" hits="1"/>
						<line number="82" hits="1"/>
						<line number="83" hits="1"/>
						<line number="84" hits="1"/>
						<line number="85" hits="1"/>
						<line number="86" hits="1"/>
						<line number="87" hits="1"/>
						<line number="88" hits="1"/>
						<line number="89" hits="1"/>
						<line number="90" hits="1"/>
						<line number="91" hits="1"/>
						<line number="92" hits="1"/>
						<line number="93" hits="1"/>
						<line number="94" hits="1"/>
						<line number="95" hits="1"/>
						<line number="96" hits="1"/>
						<line number="97" hits="1"/>
						<line number="98" hits="1"/>
						<line number="99" hits="1"/>
						<line number="100" hits="1"/>
						<line number="101" hits="1"/>
						<line number="102" hits="1"/>
						<line number="103" hits="1"/>
						<line number="104" hits="1"/>
						<line number="105" hits="1"/>
						<line number="107" hits="1"/>
						<line number="108" hits="1"/>
						<line number="109" hits="1"/>
						<line number="110" hits="1"/>
						<line number="111" hits="1"/>
						<line number="112" hits="1"/>
						<line number="113" hits="1"/>
						<line number="114" hits="1"/>
						<line number="115" hits="1"/>
						<line number="116" hits="1"/>
						<line number="119" hits="1"/>
						<line number="120" hits="1"/>
						<line number="121" hits="1"/>
						<line number="122" hits="1"/>
						<line number="123" hits="1"/>
						<line number="124" hits="1"/>
						<line number="125" hits="1"/>
						<line number="126" hits="1"/>
						<line number="128" hits="1"/>
						<line number="129" hits="1"/>
						<line number="130" hits="1"/>
						<line number="132" hits="1"/>
						<line number="133" hits="1"/>
						<line number="136" hits="1"/>
						<line number="137" hits="0" branch="true" condition-coverage="0% (0/2)" missing-branches="138,139"/>
						<line number="138" hits="1"/>
						<line number="139" hits="1"/>
						<line number="140" hits="1"/>
						<line number="143" hits="1"/>
						<line number="155" hits="1"/>
						<line number="156" hits="1"/>
						<line number="157" hits="1" branch="true" condition-coverage="100% (2/2)"/>
						<line number="158" hits="1"/>
						<line number="159" hits="1" branch="true" condition-coverage="100% (2/2)"/>
						<line number="160" hits="1"/>
						<line number="171" hits="1"/>
						<line number="174" hits="1"/>
						<line number="177" hits="1"/>
						<line number="178" hits="1" branch="true" condition-coverage="50% (1/2)" missing-branches="179"/>
						<line number="179" hits="1"/>
						<line number="180" hits="1"/>
						<line number="181" hits="1"/>
						<line number="183" hits="1"/>
						<line number="184" hits="1"/>
						<line number="185" hits="1"/>
						<line number="186" hits="1"/>
						<line number="187" hits="1"/>
						<line number="188" hits="1" branch="true" condition-coverage="100% (2/2)"/>
						<line number="189" hits="1" branch="true" condition-coverage="100% (2/2)"/>
						<line number="190" hits="1" branch="true" condition-coverage="100% (2/2)"/>
						<line number="191" hits="1"/>
						<line number="192" hits="1" branch="true" condition-coverage="100% (2/2)"/>
						<line number="200" hits="1"/>
						<line number="201" hits="1"/>
						<line number="204" hits="1"/>
						<line number="205" hits="1"/>
						<line number="212" hits="1"/>
						<line number="213" hits="1"/>
						<line number="214" hits="1" branch="true" condition-coverage="100% (2/2)"/>
						<line number="215" hits="1"/>
						<line number="217" hits="1"/>
						<line number="219" hits="1"/>
						<line number="220" hits="1" branch="true" condition-coverage="100% (2/2)"/>
						<line number="221" hits="1"/>
						<line number="222" hits="1" branch="true" condition-coverage="100% (2/2)"/>
						<line number="223" hits="1"/>
						<line number="226" hits="1" branch="true" condition-coverage="100% (2/2)"/>
						<line number="228" hits="1"/>
						<line number="229" hits="1"/>
						<line number="231" hits="1"/>
						<line number="232" hits="1"/>
						<line number="234" hits="1"/>
						<line number="235" hits="1"/>
						<line number="238" hits="1"/>
						<line number="239" hits="1"/>
						<line number="240" hits="1"/>
						<line number="242" hits="1"/>
						<line number="243" hits="1"/>
						<line number="245" hits="1"/>
						<line number="246" hits="1"/>
						<line number="248" hits="1"/>
						<line number="249" hits="1"/>
						<line number="251" hits="1" branch="true" condition-coverage="100% (2/2)"/>
						<line number="252" hits="1"/>
						<line number="253" hits="1"/>
						<line number="257" hits="1"/>
						<line number="258" hits="1" branch="true" condition-coverage="100% (2/2)"/>
						<line number="266" hits="1"/>
						<line number="267" hits="1"/>
						<line number="268" hits="1"/>
						<line number="272" hits="1"/>
						<line number="273" hits="1"/>
						<line number="275" hits="1"/>
						<line number="276" hits="1"/>
						<line number="278" hits="1"/>
						<line number="279" hits="1"/>
						<line number="280" hits="1"/>
						<line number="284" hits="1"/>
						<line number="287" hits="1"/>
						<line number="290" hits="1"/>
						<line number="291" hits="1"/>
						<line number="292" hits="1" branch="true" condition-coverage="100% (2/2)"/>
						<line number="295" hits="1"/>
						<line number="296" hits="1"/>
						<line number="298" hits="1"/>
						<line number="301" hits="1"/>
						<line number="304" hits="1"/>
						<line number="305" hits="1"/>
						<line number="308" hits="1"/>
						<line number="309" hits="1"/>
						<line number="312" hits="1"/>
						<line number="313" hits="1"/>
						<line number="316" hits="1"/>
						<line number="317" hits="1"/>
						<line number="320" hits="1"/>
						<line number="321" hits="1"/>
						<line number="324" hits="1"/>
						<line number="325" hits="1"/>
						<line number="328" hits="1"/>
						<line number="329" hits="1"/>
						<line number="335" hits="1"/>
						<line number="336" hits="1" branch="true" condition-coverage="100% (2/2)"/>
						<line number="339" hits="1" branch="true" condition-coverage="100% (2/2)"/>
						<line number="342" hits="1" branch="true" condition-coverage="100% (2/2)"/>
						<line number="347" hits="1" branch="true" condition-coverage="100% (2/2)"/>
						<line number="350" hits="1" branch="true" condition-coverage="50% (1/2)" missing-branches="exit"/>
						<line number="353" hits="1" branch="true" condition-coverage="100% (2/2)"/>
						<line number="357" hits="1" branch="true" condition-coverage="50% (1/2)" missing-branches="exit"/>
						<line number="360" hits="1" branch="true" condition-coverage="100% (2/2)"/>
						<line number="363" hits="1" branch="true" condition-coverage="100% (2/2)"/>
						<line number="366" hits="1" branch="true" condition-coverage="50% (1/2)" missing-branches="exit"/>
						<line number="369" hits="1" branch="true" condition-coverage="50% (1/2)" missing-branches="exit"/>
						<line number="372" hits="1" branch="true" condition-coverage="100% (2/2)"/>
						<line number="376" hits="1" branch="true" condition-coverage="100% (2/2)"/>
						<line number="379" hits="1" branch="true" condition-coverage="50% (1/2)" missing-branches="exit"/>
						<line number="382" hits="1" branch="true" condition-coverage="100% (2/2)"/>
						<line number="388" hits="1" branch="true" condition-coverage="100% (2/2)"/>
						<line number="391" hits="1" branch="true" condition-coverage="100% (2/2)"/>
						<line number="394" hits="1" branch="true" condition-coverage="100% (2/2)"/>
						<line number="410" hits="1" branch="true" condition-coverage="100% (2/2)"/>
						<line number="415" hits="1"/>
						<line number="416" hits="1"/>
						<line number="417" hits="1" branch="true" condition-coverage="100% (2/2)"/>
						<line number="418" hits="1"/>
						<line number="419" hits="1" branch="true" condition-coverage="100% (2/2)"/>
						<line number="420" hits="1"/>
						<line number="424" hits="1"/>
						<line number="427" hits="1"/>
						<line number="428" hits="1"/>
						<line number="429" hits="1"/>
						<line number="439" hits="1"/>
						<line number="441" hits="1" branch="true" condition-coverage="100% (2/2)"/>
						<line number="442" hits="1"/>
						<line number="443" hits="1" branch="true" condition-coverage="100% (2/2)"/>
						<line number="444" hits="1"/>
						<line number="446" hits="1"/>
						<line number="447" hits="1"/>
						<line number="448" hits="1"/>
						<line number="451" hits="1"/>
						<line number="452" hits="1"/>
						<line number="453" hits="1"/>
						<line number="454" hits="1"/>
						<line number="455" hits="1"/>
						<line number="457" hits="1"/>
						<line number="458" hits="1"/>
						<line number="459" hits="1"/>
						<line number="460" hits="1"/>
						<line number="462" hits="1" branch="true" condition-coverage="100% (2/2)"/>
						<line number="465" hits="1"/>
						<line number="466" hits="1" branch="true" condition-coverage="100% (2/2)"/>
						<line number="471" hits="1" branch="true" condition-coverage="50% (1/2)" missing-branches="exit"/>
						<line number="472" hits="1" branch="true" condition-coverage="100% (2/2)"/>
						<line number="475" hits="1"/>
						<line number="476" hits="1" branch="true" condition-coverage="100% (2/2)"/>
						<line number="477" hits="1"/>
						<line number="478" hits="1"/>
						<line number="482" hits="1"/>
						<line number="483" hits="1"/>
						<line number="484" hits="1"/>
						<line number="485" hits="1" branch="true" condition-coverage="66% (2/3)" missing-branches="495"/>
						<line number="493" hits="1"/>
						<line number="494" hits="1"/>
						<line number="495" hits="1"/>
						<line number="498" hits="1"/>
						<line number="499" hits="1" branch="true" condition-coverage="100% (3/3)"/>
						<line number="510" hits="1"/>
						<line number="513" hits="1"/>
						<line number="514" hits="1"/>
						<line number="515" hits="1"/>
						<line number="518" hits="1"/>
						<line number="519" hits="1"/>
						<line number="522" hits="1"/>
						<line number="526" hits="1" branch="true" condition-coverage="100% (2/2)"/>
						<line number="527" hits="1"/>
						<line number="528" hits="1" branch="true" condition-coverage="50% (1/2)" missing-branches="530"/>
						<line number="529" hits="1"/>
						<line number="530" hits="1"/>
						<line number="533" hits="1"/>
						<line number="536" hits="1" branch="true" condition-coverage="100% (2/2)"/>
						<line number="537" hits="1"/>
						<line number="538" hits="1" branch="true" condition-coverage="50% (1/2)" missing-branches="540"/>
						<line number="539" hits="1"/>
						<line number="540" hits="1"/>
						<line number="541" hits="1"/>
						<line number="542" hits="1"/>
						<line number="543" hits="1" branch="true" condition-coverage="100% (2/2)"/>
						<line number="544" hits="1"/>
						<line number="545" hits="1" branch="true" condition-coverage="100% (2/2)"/>
						<line number="548" hits="1"/>
						<line number="551" hits="1"/>
						<line number="553" hits="1"/>
						<line number="554" hits="1" branch="true" condition-coverage="50% (1/2)" missing-branches="exit"/>
						<line number="555" hits="1"/>
						<line number="556" hits="1"/>
						<line number="566" hits="1"/>
						<line number="575" hits="1"/>
						<line number="576" hits="1"/>
						<line number="577" hits="1"/>
						<line number="578" hits="1"/>
						<line number="579" hits="1"/>
						<line number="580" hits="1"/>
						<line number="582" hits="1" branch="true" condition-coverage="100% (2/2)"/>
						<line number="583" hits="1"/>
						<line number="584" hits="1"/>
						<line number="585" hits="1" branch="true" condition-coverage="100% (2/2)"/>
						<line number="586" hits="1"/>
						<line number="587" hits="1"/>
						<line number="590" hits="1"/>
						<line number="593" hits="1"/>
						<line number="594" hits="1"/>
						<line number="595" hits="1"/>
						<line number="596" hits="1"/>
						<line number="597" hits="1"/>
						<line number="600" hits="1"/>
						<line number="610" hits="1"/>
						<line number="612" hits="1" branch="true" condition-coverage="100% (2/2)"/>
						<line number="613" hits="1"/>
						<line number="614" hits="1" branch="true" condition-coverage="100% (2/2)"/>
						<line number="615" hits="1"/>
						<line number="617" hits="1"/>
						<line number="628" hits="1" branch="true" condition-coverage="50% (1/2)" missing-branches="630"/>
						<line number="629" hits="1"/>
						<line number="630" hits="1"/>
						<line number="631" hits="1"/>
						<line number="632" hits="1"/>
						<line number="633" hits="1"/>
						<line number="634" hits="1"/>
						<line number="636" hits="1"/>
						<line number="637" hits="1"/>
						<line number="638" hits="1"/>
						<line number="639" hits="1"/>
						<line number="640" hits="1"/>
						<line number="641" hits="1"/>
						<line number="642" hits="1" branch="true" condition-coverage="100% (2/2)"/>
						<line number="643" hits="1"/>
						<line number="644" hits="1"/>
						<line number="645" hits="1"/>
						<line number="646" hits="1"/>
						<line number="647" hits="1"/>
						<line number="648" hits="1"/>
						<line number="653" hits="1" branch="true" condition-coverage="100% (2/2)"/>
						<line number="661" hits="1"/>
						<line number="662" hits="1" branch="true" condition-coverage="100% (2/2)"/>
						<line number="663" hits="1"/>
						<line number="664" hits="1" branch="true" condition-coverage="50% (1/2)" missing-branches="653"/>
						<line number="665" hits="1"/>
						<line number="676" hits="1"/>
						<line number="677" hits="1"/>
						<line number="683" hits="1"/>
						<line number="684" hits="1"/>
						<line number="693" hits="1"/>
						<line number="696" hits="1"/>
						<line number="697" hits="1" branch="true" condition-coverage="50% (1/2)" missing-branches="exit"/>
						<line number="702" hits="1"/>
						<line number="721" hits="1" branch="true" condition-coverage="100% (2/2)"/>
						<line number="722" hits="1"/>
						<line number="723" hits="1"/>
						<line number="753" hits="1"/>
						<line number="754" hits="1"/>
						<line number="755" hits="1"/>
						<line number="758" hits="1"/>
						<line number="759" hits="1" branch="true" condition-coverage="100% (2/2)"/>
						<line number="760" hits="1"/>
						<line number="761" hits="1"/>
						<line number="762" hits="1" branch="true" condition-coverage="50% (1/2)" missing-branches="765"/>
						<line number="763" hits="1"/>
						<line number="765" hits="1"/>
						<line number="767" hits="1" branch="true" condition-coverage="100% (2/2)"/>
						<line number="768" hits="1"/>
						<line number="769" hits="1" branch="true" condition-coverage="50% (1/2)" missing-branches="exit"/>
						<line number="771" hits="1"/>
						<line number="772" hits="1"/>
						<line number="774" hits="1"/>
						<line number="775" hits="1"/>
						<line number="782" hits="1"/>
						<line number="783" hits="1"/>
						<line number="792" hits="1"/>
						<line number="793" hits="1" branch="true" condition-coverage="100% (2/2)"/>
						<line number="794" hits="1"/>
						<line number="796" hits="1"/>
						<line number="799" hits="1"/>
						<line number="800" hits="1"/>
						<line number="801" hits="1"/>
						<line number="802" hits="1"/>
						<line number="803" hits="1" branch="true" condition-coverage="50% (1/2)" missing-branches="804"/>
						<line number="804" hits="1"/>
						<line number="805" hits="1"/>
						<line number="806" hits="1"/>
						<line number="812" hits="1" branch="true" condition-coverage="100% (2/2)"/>
						<line number="813" hits="1"/>
						<line number="814" hits="1"/>
						<line number="815" hits="1" branch="true" condition-coverage="100% (2/2)"/>
						<line number="816" hits="1"/>
						<line number="817" hits="1"/>
						<line number="818" hits="1"/>
						<line number="819" hits="1"/>
						<line number="820" hits="1"/>
						<line number="823" hits="1"/>
						<line number="824" hits="1" branch="true" condition-coverage="100% (2/2)"/>
						<line number="825" hits="1" branch="true" condition-coverage="100% (2/2)"/>
						<line number="826" hits="1"/>
						<line number="827" hits="1"/>
						<line number="830" hits="1"/>
						<line number="831" hits="1" branch="true" condition-coverage="100% (2/2)"/>
						<line number="835" hits="1"/>
						<line number="838" hits="1"/>
						<line number="841" hits="1"/>
						<line number="844" hits="1" branch="true" condition-coverage="100% (2/2)"/>
						<line number="845" hits="1"/>
						<line number="846" hits="1"/>
						<line number="847" hits="1" branch="true" condition-coverage="50% (1/2)" missing-branches="850"/>
						<line number="848" hits="1"/>
						<line number="850" hits="1"/>
						<line number="851" hits="1"/>
						<line number="852" hits="1"/>
						<line number="854" hits="1"/>
						<line number="855" hits="1"/>
						<line number="856" hits="1"/>
						<line number="857" hits="1"/>
						<line number="858" hits="1"/>
						<line number="859" hits="1"/>
						<line number="860" hits="1"/>
						<line number="861" hits="1"/>
						<line number="862" hits="1"/>
						<line number="863" hits="1"/>
						<line number="864" hits="1"/>
						<line number="865" hits="1"/>
						<line number="866" hits="1"/>
						<line number="867" hits="1"/>
						<line number="868" hits="1"/>
						<line number="869" hits="1"/>
						<line number="870" hits="1"/>
						<line number="871" hits="1"/>
						<line number="873" hits="1" branch="true" condition-coverage="100% (2/2)"/>
						<line number="874" hits="1"/>
						<line number="875" hits="1"/>
						<line number="878" hits="1" branch="true" condition-coverage="100% (2/2)"/>
						<line number="879" hits="1"/>
						<line number="881" hits="1"/>
						<line number="882" hits="1"/>
						<line number="883" hits="1" branch="true" condition-coverage="100% (2/2)"/>
						<line number="884" hits="1"/>
						<line number="908" hits="1"/>
						<line number="909" hits="1"/>
						<line number="910" hits="1" branch="true" condition-coverage="50% (1/2)" missing-branches="exit"/>
						<line number="911" hits="1"/>
						<line number="912" hits="1" branch="true" condition-coverage="100% (2/2)"/>
						<line number="913" hits="1"/>
						<line number="914" hits="1"/>
						<line number="915" hits="1"/>
						<line number="916" hits="1"/>
						<line number="926" hits="1"/>
						<line number="929" hits="1"/>
						<line number="930" hits="1"/>
						<line number="931" hits="1"/>
						<line number="932" hits="1"/>
						<line number="938" hits="1"/>
						<line number="939" hits="1"/>
						<line number="940" hits="1"/>
						<line number="941" hits="1"/>
						<line number="942" hits="1" branch="true" condition-coverage="100% (2/2)"/>
						<line number="950" hits="1"/>
						<line number="953" hits="1"/>
						<line number="954" hits="1"/>
						<line number="957" hits="1"/>
						<line number="958" hits="1"/>
						<line number="959" hits="1" branch="true" condition-coverage="100% (2/2)"/>
						<line number="960" hits="1"/>
						<line number="961" hits="1" branch="true" condition-coverage="100% (2/2)"/>
						<line number="962" hits="1"/>
						<line number="963" hits="1"/>
						<line number="964" hits="1" branch="true" condition-coverage="100% (2/2)"/>
						<line number="965" hits="1" branch="true" condition-coverage="100% (2/2)"/>
						<line number="966" hits="1"/>
						<line number="967" hits="1"/>
						<line number="968" hits="1"/>
						<line number="971" hits="1"/>
						<line number="974" hits="1"/>
						<line number="975" hits="1"/>
						<line number="976" hits="1"/>
						<line number="977" hits="1" branch="true" condition-coverage="100% (2/2)"/>
						<line number="978" hits="1" branch="true" condition-coverage="100% (2/2)"/>
						<line number="979" hits="1"/>
						<line number="980" hits="1" branch="true" condition-coverage="100% (2/2)"/>
						<line number="981" hits="1"/>
						<line number="984" hits="1" branch="true" condition-coverage="100% (2/2)"/>
						<line number="985" hits="1"/>
						<line number="986" hits="1"/>
						<line number="987" hits="1" branch="true" condition-coverage="100% (2/2)"/>
						<line number="988" hits="1"/>
						<line number="989" hits="1"/>
						<line number="990" hits="1" branch="true" condition-coverage="100% (2/2)"/>
						<line number="994" hits="1"/>
						<line number="1001" hits="1"/>
						<line number="1002" hits="1"/>
						<line number="1005" hits="1"/>
						<line number="1013" hits="1"/>
						<line number="1015" hits="1"/>
						<line number="1018" hits="1"/>
						<line number="1019" hits="1"/>
						<line number="1024" hits="1"/>
						<line number="1025" hits="1" branch="true" condition-coverage="100% (2/2)"/>
						<line number="1026" hits="1"/>
						<line number="1027" hits="1" branch="true" condition-coverage="100% (2/2)"/>
						<line number="1028" hits="1"/>
						<line number="1029" hits="1"/>
						<line number="1030" hits="1"/>
						<line number="1031" hits="1" branch="true" condition-coverage="100% (2/2)"/>
						<line number="1032" hits="1"/>
						<line number="1033" hits="1"/>
						<line number="1036" hits="1"/>
						<line number="1041" hits="1"/>
						<line number="1046" hits="1"/>
						<line number="1055" hits="1" branch="true" condition-coverage="50% (1/2)" missing-branches="1057"/>
						<line number="1056" hits="1"/>
						<line number="1057" hits="1" branch="true" condition-coverage="50% (1/2)" missing-branches="1059"/>
						<line number="1058" hits="1"/>
						<line number="1059" hits="1" branch="true" condition-coverage="100% (2/2)"/>
						<line number="1060" hits="1"/>
						<line number="1062" hits="1"/>
						<line number="1071" hits="1"/>
						<line number="1079" hits="1" branch="true" condition-coverage="100% (2/2)"/>
						<line number="1080" hits="1" branch="true" condition-coverage="100% (2/2)"/>
						<line number="1081" hits="1"/>
						<line number="1082" hits="1" branch="true" condition-coverage="100% (2/2)"/>
						<line number="1083" hits="1"/>
						<line number="1084" hits="1"/>
						<line number="1085" hits="1"/>
						<line number="1088" hits="1"/>
						<line number="1091" hits="1"/>
						<line number="1092" hits="1" branch="true" condition-coverage="100% (2/2)"/>
						<line number="1093" hits="1" branch="true" condition-coverage="50% (1/2)" missing-branches="1095"/>
						<line number="1094" hits="1"/>
						<line number="1095" hits="1"/>
						<line number="1096" hits="1" branch="true" condition-coverage="50% (1/2)" missing-branches="1092"/>
						<line number="1097" hits="1"/>
						<line number="1098" hits="1"/>
						<line number="1099" hits="1"/>
						<line number="1100" hits="1"/>
						<line number="1101" hits="1" branch="true" condition-coverage="50% (1/2)" missing-branches="1102"/>
						<line number="1102" hits="1"/>
						<line number="1103" hits="1"/>
						<line number="1104" hits="1" branch="true" condition-coverage="50% (1/2)" missing-branches="1106"/>
						<line number="1105" hits="1"/>
						<line number="1106" hits="1"/>
						<line number="1107" hits="1" branch="true" condition-coverage="100% (2/2)"/>
						<line number="1108" hits="1"/>
						<line number="1109" hits="1" branch="true" condition-coverage="50% (1/2)" missing-branches="1111"/>
						<line number="1110" hits="1"/>
						<line number="1111" hits="1"/>
						<line number="1114" hits="1"/>
						<line number="1124" hits="1"/>
						<line number="1131" hits="1"/>
						<line number="1133" hits="1"/>
						<line number="1134" hits="1"/>
						<line number="1135" hits="1"/>
						<line number="1136" hits="1"/>
						<line number="1137" hits="1"/>
						<line number="1139" hits="1" branch="true" condition-coverage="50% (1/2)" missing-branches="1151"/>
						<line number="1140" hits="1" branch="true" condition-coverage="100% (2/2)"/>
						<line number="1151" hits="1"/>
						<line number="1152" hits="1"/>
						<line number="1153" hits="1"/>
						<line number="1154" hits="1"/>
						<line number="1155" hits="1"/>
						<line number="1156" hits="1"/>
						<line number="1157" hits="1" branch="true" condition-coverage="100% (2/2)"/>
						<line number="1158" hits="1"/>
						<line number="1159" hits="1"/>
						<line number="1162" hits="1"/>
						<line number="1164" hits="1" branch="true" condition-coverage="100% (2/2)"/>
						<line number="1165" hits="1"/>
						<line number="1166" hits="1" branch="true" condition-coverage="100% (2/2)"/>
						<line number="1167" hits="1"/>
						<line number="1168" hits="0"/>
						<line number="1169" hits="1"/>
						<line number="1170" hits="1"/>
						<line number="1171" hits="1" branch="true" condition-coverage="50% (1/2)" missing-branches="exit"/>
						<line number="1174" hits="1"/>
						<line number="1175" hits="1"/>
						<line number="1176" hits="1" branch="true" condition-coverage="100% (2/2)"/>
						<line number="1177" hits="1"/>
						<line number="1179" hits="1"/>
						<line number="1181" hits="1" branch="true" condition-coverage="100% (2/2)"/>
						<line number="1182" hits="1"/>
						<line number="1184" hits="1"/>
						<line number="1187" hits="1"/>
						<line number="1188" hits="1" branch="true" condition-coverage="100% (2/2)"/>
						<line number="1189" hits="1"/>
						<line number="1191" hits="1"/>
						<line number="1194" hits="1"/>
						<line number="1195" hits="1"/>
						<line number="1196" hits="1"/>
						<line number="1197" hits="1"/>
						<line number="1199" hits="1"/>
						<line number="1200" hits="1" branch="true" condition-coverage="100% (2/2)"/>
						<line number="1208" hits="1"/>
						<line number="1209" hits="1"/>
						<line number="1210" hits="1"/>
						<line number="1212" hits="1"/>
						<line number="1213" hits="1" branch="true" condition-coverage="50% (1/2)" missing-branches="1219"/>
						<line number="1217" hits="1"/>
						<line number="1218" hits="1"/>
						<line number="1219" hits="1"/>
						<line number="1220" hits="1"/>
						<line number="1223" hits="1"/>
						<line number="1224" hits="1"/>
						<line number="1225" hits="1"/>
						<line number="1226" hits="1"/>
						<line number="1227" hits="1"/>
						<line number="1228" hits="1"/>
						<line number="1229" hits="1"/>
						<line number="1230" hits="1"/>
						<line number="1231" hits="1"/>
						<line number="1232" hits="1"/>
						<line number="1234" hits="1"/>
						<line number="1235" hits="1"/>
						<line number="1236" hits="1"/>
						<line number="1238" hits="1" branch="true" condition-coverage="100% (2/2)"/>
						<line number="1239" hits="1"/>
						<line number="1240" hits="1"/>
						<line number="1241" hits="1"/>
						<line number="1242" hits="1"/>
						<line number="1245" hits="1"/>
						<line number="1247" hits="1"/>
						<line number="1248" hits="1"/>
						<line number="1249" hits="1" branch="true" condition-coverage="50% (1/2)" missing-branches="1250"/>
						<line number="1250" hits="1"/>
						<line number="1251" hits="1"/>
						<line number="1252" hits="1"/>
						<line number="1253" hits="1" branch="true" condition-coverage="50% (1/2)" missing-branches="1265"/>
						<line number="1254" hits="1"/>
						<line number="1255" hits="1"/>
						<line number="1262" hits="1"/>
						<line number="1263" hits="1"/>
						<line number="1264" hits="1"/>
						<line number="1265" hits="1"/>
						<line number="1266" hits="1"/>
						<line number="1268" hits="1"/>
						<line number="1269" hits="1"/>
						<line number="1270" hits="1" branch="true" condition-coverage="50% (1/2)" missing-branches="exit"/>
						<line number="1271" hits="1"/>
						<line number="1272" hits="1"/>
						<line number="1273" hits="1"/>
						<line number="1274" hits="1"/>
						<line number="1275" hits="1" branch="true" condition-coverage="100% (2/2)"/>
						<line number="1276" hits="1"/>
						<line number="1277" hits="1"/>
						<line number="1284" hits="1"/>
						<line number="1285" hits="1"/>
						<line number="1286" hits="1"/>
						<line number="1287" hits="1"/>
						<line number="1288" hits="1"/>
						<line number="1290" hits="1"/>
						<line number="1291" hits="1"/>
						<line number="1293" hits="1"/>
						<line number="1294" hits="1"/>
						<line number="1295" hits="1"/>
						<line number="1298" hits="1"/>
						<line number="1301" hits="1"/>
						<line number="1302" hits="1"/>
						<line number="1303" hits="1"/>
						<line number="1304" hits="1"/>
						<line number="1305" hits="1"/>
						<line number="1307" hits="1"/>
						<line number="1309" hits="1"/>
						<line number="1310" hits="1"/>
						<line number="1312" hits="1"/>
						<line number="1314" hits="1"/>
						<line number="1315" hits="1"/>
						<line number="1318" hits="1"/>
						<line number="1319" hits="1"/>
						<line number="1321" hits="1"/>
						<line number="1322" hits="1"/>
						<line number="1324" hits="1"/>
						<line number="1326" hits="1" branch="true" condition-coverage="100% (2/2)"/>
						<line number="1327" hits="1"/>
						<line number="1329" hits="1" branch="true" condition-coverage="50% (1/2)" missing-branches="exit"/>
						<line number="1330" hits="1"/>
						<line number="1331" hits="1"/>
						<line number="1332" hits="1"/>
						<line number="1333" hits="1" branch="true" condition-coverage="100% (2/2)"/>
						<line number="1334" hits="1"/>
						<line number="1335" hits="1"/>
						<line number="1336" hits="1" branch="true" condition-coverage="100% (2/2)"/>
						<line number="1337" hits="1"/>
						<line number="1341" hits="1"/>
						<line number="1342" hits="1" branch="true" condition-coverage="100% (2/2)"/>
						<line number="1343" hits="1"/>
						<line number="1344" hits="1"/>
						<line number="1348" hits="1"/>
						<line number="1349" hits="1"/>
						<line number="1350" hits="1"/>
						<line number="1351" hits="1"/>
						<line number="1352" hits="1"/>
						<line number="1354" hits="1"/>
						<line number="1355" hits="1"/>
						<line number="1356" hits="1" branch="true" condition-coverage="100% (2/2)"/>
						<line number="1363" hits="1"/>
						<line number="1365" hits="1"/>
						<line number="1366" hits="1" branch="true" condition-coverage="100% (2/2)"/>
						<line number="1368" hits="1"/>
						<line number="1369" hits="1"/>
						<line number="1370" hits="1" branch="true" condition-coverage="100% (2/2)"/>
						<line number="1371" hits="1"/>
						<line number="1373" hits="1"/>
						<line number="1374" hits="1"/>
						<line number="1375" hits="1"/>
						<line number="1376" hits="1"/>
						<line number="1377" hits="1"/>
						<line number="1378" hits="1"/>
						<line number="1379" hits="1"/>
						<line number="1380" hits="1"/>
						<line number="1418" hits="1"/>
						<line number="1419" hits="1"/>
						<line number="1421" hits="1"/>
						<line number="1422" hits="1"/>
						<line number="1423" hits="1"/>
						<line number="1424" hits="1"/>
						<line number="1425" hits="1"/>
						<line number="1426" hits="1"/>
						<line number="1429" hits="1"/>
						<line number="1430" hits="1"/>
						<line number="1431" hits="1"/>
						<line number="1433" hits="1"/>
						<line number="1435" hits="1" branch="true" condition-coverage="100% (2/2)"/>
						<line number="1436" hits="1"/>
						<line number="1437" hits="1" branch="true" condition-coverage="50% (1/2)" missing-branches="1440"/>
						<line number="1438" hits="1"/>
						<line number="1440" hits="1"/>
						<line number="1442" hits="1"/>
						<line number="1443" hits="1" branch="true" condition-coverage="50% (1/2)" missing-branches="1446"/>
						<line number="1444" hits="1" branch="true" condition-coverage="50% (1/2)" missing-branches="exit"/>
						<line number="1445" hits="1"/>
						<line number="1446" hits="1" branch="true" condition-coverage="50% (1/2)" missing-branches="1450"/>
						<line number="1447" hits="1" branch="true" condition-coverage="50% (1/2)" missing-branches="exit"/>
						<line number="1448" hits="1"/>
						<line number="1450" hits="1"/>
						<line number="1452" hits="1"/>
						<line number="1454" hits="1"/>
						<line number="1458" hits="1"/>
						<line number="1462" hits="1"/>
						<line number="1465" hits="1"/>
						<line number="1467" hits="1"/>
						<line number="1473" hits="1"/>
						<line number="1474" hits="1" branch="true" condition-coverage="50% (1/2)" missing-branches="1479"/>
						<line number="1475" hits="1" branch="true" condition-coverage="50% (1/2)" missing-branches="1478"/>
						<line number="1476" hits="1"/>
						<line number="1478" hits="1"/>
						<line number="1479" hits="1"/>
						<line number="1481" hits="1" branch="true" condition-coverage="100% (2/2)"/>
						<line number="1484" hits="1" branch="true" condition-coverage="100% (2/2)"/>
						<line number="1487" hits="1"/>
						<line number="1488" hits="1"/>
						<line number="1490" hits="1"/>
						<line number="1503" hits="1" branch="true" condition-coverage="100% (2/2)"/>
						<line number="1506" hits="1"/>
						<line number="1512" hits="1"/>
						<line number="1518" hits="1"/>
						<line number="1523" hits="1"/>
						<line number="1525" hits="1"/>
						<line number="1527" hits="1"/>
						<line number="1529" hits="1"/>
						<line number="1530" hits="1"/>
						<line number="1531" hits="1"/>
						<line number="1533" hits="1" branch="true" condition-coverage="50% (1/2)" missing-branches="exit"/>
						<line number="1534" hits="1" branch="true" condition-coverage="50% (1/2)" missing-branches="exit"/>
						<line number="1535" hits="1"/>
						<line number="1536" hits="1"/>
						<line number="1549" hits="1"/>
						<line number="1550" hits="1"/>
						<line number="1552" hits="1"/>
						<line number="1553" hits="1"/>
						<line number="1554" hits="1" branch="true" condition-coverage="100% (2/2)"/>
						<line number="1555" hits="1"/>
						<line number="1556" hits="1"/>
						<line number="1557" hits="1" branch="true" condition-coverage="100% (2/2)"/>
						<line number="1558" hits="1" branch="true" condition-coverage="100% (2/2)"/>
						<line number="1559" hits="1"/>
						<line number="1566" hits="1"/>
						<line number="1567" hits="1"/>
						<line number="1568" hits="1"/>
						<line number="1569" hits="1"/>
						<line number="1577" hits="1"/>
						<line number="1578" hits="1"/>
						<line number="1579" hits="1" branch="true" condition-coverage="100% (2/2)"/>
						<line number="1580" hits="1"/>
						<line number="1582" hits="1"/>
						<line number="1583" hits="1"/>
						<line number="1584" hits="1" branch="true" condition-coverage="100% (2/2)"/>
						<line number="1585" hits="1"/>
						<line number="1586" hits="1"/>
						<line number="1588" hits="1" branch="true" condition-coverage="50% (1/2)" missing-branches="exit"/>
						<line number="1589" hits="1"/>
						<line number="1590" hits="1"/>
						<line number="1615" hits="1"/>
						<line number="1616" hits="1"/>
						<line number="1617" hits="1"/>
						<line number="1619" hits="1"/>
						<line number="1621" hits="1"/>
						<line number="1622" hits="1"/>
						<line number="1624" hits="1" branch="true" condition-coverage="100% (2/2)"/>
						<line number="1625" hits="1"/>
						<line number="1627" hits="1"/>
						<line number="1628" hits="1"/>
						<line number="1629" hits="1" branch="true" condition-coverage="100% (2/2)"/>
						<line number="1630" hits="1"/>
						<line number="1637" hits="1" branch="true" condition-coverage="100% (2/2)"/>
						<line number="1638" hits="1"/>
						<line number="1639" hits="1"/>
						<line number="1643" hits="1"/>
						<line number="1645" hits="1" branch="true" condition-coverage="50% (1/2)" missing-branches="1657"/>
						<line number="1647" hits="1"/>
						<line number="1649" hits="1" branch="true" condition-coverage="50% (1/2)" missing-branches="1657"/>
						<line number="1650" hits="1"/>
						<line number="1657" hits="1" branch="true" condition-coverage="100% (2/2)"/>
						<line number="1658" hits="1"/>
						<line number="1659" hits="1" branch="true" condition-coverage="100% (2/2)"/>
						<line number="1660" hits="1"/>
						<line number="1661" hits="1" branch="true" condition-coverage="100% (2/2)"/>
						<line number="1662" hits="1" branch="true" condition-coverage="0% (0/2)" missing-branches="exit,1740"/>
						<line number="1668" hits="1"/>
						<line number="1669" hits="1" branch="true" condition-coverage="50% (1/2)" missing-branches="1670"/>
						<line number="1670" hits="1" branch="true" condition-coverage="0% (0/2)" missing-branches="exit,1740"/>
						<line number="1671" hits="1"/>
						<line number="1672" hits="1"/>
						<line number="1673" hits="1" branch="true" condition-coverage="100% (2/2)"/>
						<line number="1674" hits="1"/>
						<line number="1675" hits="1"/>
						<line number="1676" hits="1"/>
						<line number="1678" hits="1"/>
						<line number="1685" hits="1"/>
						<line number="1686" hits="1"/>
						<line number="1687" hits="1" branch="true" condition-coverage="100% (2/2)"/>
						<line number="1688" hits="1" branch="true" condition-coverage="0% (0/2)" missing-branches="exit,1740"/>
						<line number="1689" hits="1"/>
						<line number="1690" hits="1"/>
						<line number="1697" hits="1"/>
						<line number="1699" hits="1"/>
						<line number="1702" hits="1"/>
						<line number="1703" hits="1"/>
						<line number="1705" hits="1"/>
						<line number="1707" hits="1"/>
						<line number="1708" hits="1" branch="true" condition-coverage="100% (2/2)"/>
						<line number="1709" hits="1"/>
						<line number="1711" hits="1"/>
						<line number="1713" hits="1" branch="true" condition-coverage="100% (3/3)"/>
						<line number="1718" hits="1"/>
						<line number="1720" hits="1"/>
						<line number="1721" hits="1"/>
						<line number="1723" hits="1"/>
						<line number="1724" hits="1"/>
						<line number="1725" hits="1"/>
						<line number="1726" hits="1"/>
						<line number="1733" hits="1"/>
						<line number="1734" hits="1"/>
						<line number="1735" hits="1"/>
						<line number="1736" hits="1"/>
						<line number="1737" hits="1"/>
						<line number="1740" hits="1" branch="true" condition-coverage="25% (1/4)" missing-branches="1662,1670,1688"/>
						<line number="1741" hits="1" branch="true" condition-coverage="50% (1/2)" missing-branches="1742"/>
						<line number="1742" hits="1"/>
						<line number="1743" hits="1" branch="true" condition-coverage="50% (1/2)" missing-branches="1744"/>
						<line number="1744" hits="1"/>
						<line number="1745" hits="1"/>
						<line number="1746" hits="1"/>
						<line number="1747" hits="1"/>
						<line number="1749" hits="1"/>
						<line number="1750" hits="1"/>
						<line number="1782" hits="1"/>
						<line number="1783" hits="1"/>
						<line number="1784" hits="1"/>
						<line number="1785" hits="1"/>
						<line number="1787" hits="1" branch="true" condition-coverage="100% (2/2)"/>
						<line number="1788" hits="1"/>
						<line number="1789" hits="1"/>
						<line number="1792" hits="1"/>
						<line number="1793" hits="1"/>
						<line number="1794" hits="1"/>
						<line number="1795" hits="1"/>
						<line number="1797" hits="1"/>
						<line number="1802" hits="1" branch="true" condition-coverage="100% (2/2)"/>
						<line number="1803" hits="1"/>
						<line number="1804" hits="1"/>
						<line number="1806" hits="1" branch="true" condition-coverage="100% (2/2)"/>
						<line number="1807" hits="1"/>
						<line number="1808" hits="1" branch="true" condition-coverage="100% (2/2)"/>
						<line number="1809" hits="1"/>
						<line number="1813" hits="1"/>
						<line number="1814" hits="1"/>
						<line number="1815" hits="1" branch="true" condition-coverage="100% (2/2)"/>
						<line number="1833" hits="1"/>
						<line number="1834" hits="1"/>
						<line number="1836" hits="1"/>
						<line number="1838" hits="1" branch="true" condition-coverage="100% (2/2)"/>
						<line number="1839" hits="1"/>
						<line number="1840" hits="1" branch="true" condition-coverage="100% (2/2)"/>
						<line number="1841" hits="1"/>
						<line number="1844" hits="1"/>
						<line number="1845" hits="1"/>
						<line number="1846" hits="1"/>
						<line number="1847" hits="1"/>
						<line number="1850" hits="1"/>
						<line number="1851" hits="1"/>
						<line number="1852" hits="1" branch="true" condition-coverage="100% (2/2)"/>
						<line number="1853" hits="1"/>
					</lines>
				</class>
			</classes>
		</package>
	</packages>
</coverage>
