<?xml version="1.0" ?>
<coverage version="5.5" timestamp="1630417038743" lines-valid="827" lines-covered="670" line-rate="0.8102" branches-valid="325" branches-covered="206" branch-rate="0.6338" complexity="0">
	<!-- Generated by coverage.py: https://coverage.readthedocs.io -->
	<!-- Based on https://raw.githubusercontent.com/cobertura/web/master/htdocs/xml/coverage-04.dtd -->
	<sources>
		<source>/media/sf_Dropbox/code/justuse</source>
	</sources>
	<packages>
		<package name="src.use" line-rate="0.8102" branch-rate="0.6338" complexity="0">
			<classes>
				<class name="__init__.py" filename="src/use/__init__.py" complexity="0" line-rate="1" branch-rate="1">
					<methods/>
					<lines>
						<line number="1" hits="1"/>
					</lines>
				</class>
				<class name="use.py" filename="src/use/use.py" complexity="0" line-rate="0.8099" branch-rate="0.6338">
					<methods/>
					<lines>
						<line number="72" hits="1"/>
						<line number="74" hits="1"/>
						<line number="75" hits="1"/>
						<line number="76" hits="1"/>
						<line number="77" hits="1"/>
						<line number="78" hits="1"/>
						<line number="79" hits="1"/>
						<line number="80" hits="1"/>
						<line number="81" hits="1"/>
						<line number="82" hits="1"/>
						<line number="83" hits="1"/>
						<line number="84" hits="1"/>
						<line number="85" hits="1"/>
						<line number="86" hits="1"/>
						<line number="87" hits="1"/>
						<line number="88" hits="1"/>
						<line number="89" hits="1"/>
						<line number="90" hits="1"/>
						<line number="91" hits="1"/>
						<line number="92" hits="1"/>
						<line number="93" hits="1"/>
						<line number="94" hits="1"/>
						<line number="95" hits="1"/>
						<line number="96" hits="1"/>
						<line number="97" hits="1"/>
						<line number="98" hits="1"/>
						<line number="99" hits="1"/>
						<line number="100" hits="1"/>
						<line number="101" hits="1"/>
						<line number="102" hits="1"/>
						<line number="103" hits="1"/>
						<line number="104" hits="1"/>
						<line number="105" hits="1"/>
						<line number="106" hits="1"/>
						<line number="107" hits="1"/>
						<line number="109" hits="1"/>
						<line number="110" hits="1"/>
						<line number="111" hits="1"/>
						<line number="112" hits="1"/>
						<line number="113" hits="1"/>
						<line number="114" hits="1"/>
						<line number="115" hits="1"/>
						<line number="116" hits="1"/>
						<line number="119" hits="1"/>
						<line number="120" hits="1"/>
						<line number="122" hits="1"/>
						<line number="123" hits="1"/>
						<line number="124" hits="1"/>
						<line number="126" hits="1"/>
						<line number="129" hits="1"/>
						<line number="130" hits="0" branch="true" condition-coverage="0% (0/2)" missing-branches="131,132"/>
						<line number="131" hits="0"/>
						<line number="132" hits="0"/>
						<line number="133" hits="0"/>
						<line number="135" hits="1"/>
						<line number="140" hits="1"/>
						<line number="141" hits="1"/>
						<line number="142" hits="1" branch="true" condition-coverage="50% (1/2)" missing-branches="143"/>
						<line number="143" hits="0"/>
						<line number="146" hits="1" branch="true" condition-coverage="100% (2/2)"/>
						<line number="148" hits="1"/>
						<line number="149" hits="1"/>
						<line number="151" hits="1"/>
						<line number="152" hits="1"/>
						<line number="155" hits="1"/>
						<line number="156" hits="1"/>
						<line number="157" hits="1"/>
						<line number="158" hits="1"/>
						<line number="160" hits="1"/>
						<line number="161" hits="1"/>
						<line number="163" hits="1"/>
						<line number="164" hits="1" branch="true" condition-coverage="100% (2/2)"/>
						<line number="165" hits="1"/>
						<line number="166" hits="1"/>
						<line number="171" hits="1"/>
						<line number="172" hits="1"/>
						<line number="175" hits="1"/>
						<line number="176" hits="1"/>
						<line number="177" hits="1"/>
						<line number="179" hits="1"/>
						<line number="180" hits="1"/>
						<line number="184" hits="1"/>
						<line number="185" hits="1"/>
						<line number="187" hits="1"/>
						<line number="188" hits="1"/>
						<line number="190" hits="1"/>
						<line number="191" hits="1"/>
						<line number="192" hits="1"/>
						<line number="196" hits="1"/>
						<line number="198" hits="1"/>
						<line number="199" hits="1"/>
						<line number="200" hits="1" branch="true" condition-coverage="50% (1/2)" missing-branches="201"/>
						<line number="201" hits="0"/>
						<line number="203" hits="1"/>
						<line number="206" hits="1"/>
						<line number="209" hits="1"/>
						<line number="211" hits="1"/>
						<line number="212" hits="1"/>
						<line number="215" hits="1"/>
						<line number="216" hits="1"/>
						<line number="219" hits="1"/>
						<line number="220" hits="1"/>
						<line number="223" hits="1"/>
						<line number="224" hits="1"/>
						<line number="227" hits="1"/>
						<line number="228" hits="1"/>
						<line number="231" hits="1"/>
						<line number="232" hits="1"/>
						<line number="235" hits="1"/>
						<line number="236" hits="1"/>
						<line number="248" hits="1"/>
						<line number="249" hits="1"/>
						<line number="250" hits="1" branch="true" condition-coverage="100% (2/2)"/>
						<line number="251" hits="1"/>
						<line number="252" hits="1" branch="true" condition-coverage="100% (2/2)"/>
						<line number="253" hits="1"/>
						<line number="264" hits="1"/>
						<line number="267" hits="1"/>
						<line number="270" hits="1"/>
						<line number="271" hits="1" branch="true" condition-coverage="50% (1/2)" missing-branches="272"/>
						<line number="272" hits="0"/>
						<line number="273" hits="0"/>
						<line number="274" hits="0"/>
						<line number="276" hits="1"/>
						<line number="277" hits="1"/>
						<line number="278" hits="1"/>
						<line number="279" hits="1"/>
						<line number="280" hits="1"/>
						<line number="281" hits="1" branch="true" condition-coverage="100% (2/2)"/>
						<line number="283" hits="1" branch="true" condition-coverage="100% (2/2)"/>
						<line number="284" hits="1" branch="true" condition-coverage="100% (2/2)"/>
						<line number="285" hits="1"/>
						<line number="286" hits="1" branch="true" condition-coverage="100% (2/2)"/>
						<line number="295" hits="1"/>
						<line number="296" hits="1"/>
						<line number="299" hits="1"/>
						<line number="300" hits="1"/>
						<line number="303" hits="1"/>
						<line number="304" hits="1"/>
						<line number="314" hits="1"/>
						<line number="315" hits="1"/>
						<line number="316" hits="1" branch="true" condition-coverage="100% (2/2)"/>
						<line number="317" hits="1"/>
						<line number="318" hits="1" branch="true" condition-coverage="100% (2/2)"/>
						<line number="319" hits="1"/>
						<line number="321" hits="1"/>
						<line number="322" hits="1"/>
						<line number="323" hits="1"/>
						<line number="326" hits="1"/>
						<line number="327" hits="1"/>
						<line number="328" hits="1"/>
						<line number="329" hits="1"/>
						<line number="330" hits="1" branch="true" condition-coverage="100% (2/2)"/>
						<line number="339" hits="1"/>
						<line number="341" hits="1" branch="true" condition-coverage="50% (1/2)" missing-branches="345"/>
						<line number="342" hits="1" branch="true" condition-coverage="100% (2/2)"/>
						<line number="343" hits="1"/>
						<line number="344" hits="1"/>
						<line number="345" hits="1"/>
						<line number="346" hits="1"/>
						<line number="347" hits="1" branch="true" condition-coverage="50% (1/2)" missing-branches="350"/>
						<line number="348" hits="1" branch="true" condition-coverage="100% (3/3)"/>
						<line number="349" hits="1"/>
						<line number="350" hits="0"/>
						<line number="354" hits="1"/>
						<line number="355" hits="1"/>
						<line number="364" hits="1"/>
						<line number="365" hits="1"/>
						<line number="366" hits="1" branch="true" condition-coverage="50% (1/2)" missing-branches="367"/>
						<line number="367" hits="0"/>
						<line number="369" hits="1"/>
						<line number="372" hits="1"/>
						<line number="373" hits="1" branch="true" condition-coverage="100% (2/2)"/>
						<line number="382" hits="1" branch="true" condition-coverage="50% (1/2)" missing-branches="383"/>
						<line number="383" hits="0"/>
						<line number="386" hits="1"/>
						<line number="387" hits="1"/>
						<line number="388" hits="1" branch="true" condition-coverage="100% (2/2)"/>
						<line number="389" hits="1"/>
						<line number="390" hits="1"/>
						<line number="393" hits="1"/>
						<line number="394" hits="1"/>
						<line number="397" hits="1"/>
						<line number="398" hits="1"/>
						<line number="399" hits="1"/>
						<line number="402" hits="1"/>
						<line number="403" hits="0"/>
						<line number="406" hits="1"/>
						<line number="407" hits="1"/>
						<line number="409" hits="1"/>
						<line number="410" hits="0"/>
						<line number="418" hits="1"/>
						<line number="424" hits="1"/>
						<line number="425" hits="1"/>
						<line number="435" hits="1"/>
						<line number="438" hits="1"/>
						<line number="439" hits="1"/>
						<line number="440" hits="1"/>
						<line number="441" hits="1"/>
						<line number="442" hits="1" branch="true" condition-coverage="100% (2/2)"/>
						<line number="443" hits="1"/>
						<line number="447" hits="1"/>
						<line number="469" hits="1"/>
						<line number="470" hits="1"/>
						<line number="471" hits="1"/>
						<line number="472" hits="1" branch="true" condition-coverage="50% (1/2)" missing-branches="473"/>
						<line number="473" hits="0"/>
						<line number="479" hits="1"/>
						<line number="484" hits="1"/>
						<line number="485" hits="1"/>
						<line number="486" hits="1"/>
						<line number="487" hits="1"/>
						<line number="488" hits="1"/>
						<line number="489" hits="1"/>
						<line number="490" hits="1"/>
						<line number="491" hits="1" branch="true" condition-coverage="100% (2/2)"/>
						<line number="493" hits="1"/>
						<line number="496" hits="1"/>
						<line number="497" hits="1"/>
						<line number="498" hits="1"/>
						<line number="499" hits="1"/>
						<line number="500" hits="1"/>
						<line number="501" hits="1"/>
						<line number="509" hits="1"/>
						<line number="510" hits="1"/>
						<line number="513" hits="1"/>
						<line number="515" hits="1"/>
						<line number="517" hits="1"/>
						<line number="518" hits="1"/>
						<line number="519" hits="1" branch="true" condition-coverage="50% (1/2)" missing-branches="520"/>
						<line number="520" hits="0"/>
						<line number="522" hits="1"/>
						<line number="523" hits="1"/>
						<line number="524" hits="1"/>
						<line number="527" hits="1"/>
						<line number="528" hits="1"/>
						<line number="529" hits="1"/>
						<line number="530" hits="1"/>
						<line number="531" hits="1"/>
						<line number="532" hits="1"/>
						<line number="533" hits="1"/>
						<line number="536" hits="1"/>
						<line number="537" hits="1"/>
						<line number="538" hits="1" branch="true" condition-coverage="100% (2/2)"/>
						<line number="539" hits="1"/>
						<line number="542" hits="1" branch="true" condition-coverage="50% (1/2)" missing-branches="543"/>
						<line number="543" hits="0"/>
						<line number="546" hits="1"/>
						<line number="547" hits="1" branch="true" condition-coverage="100% (2/2)"/>
						<line number="548" hits="1" branch="true" condition-coverage="100% (2/2)"/>
						<line number="549" hits="1"/>
						<line number="550" hits="1"/>
						<line number="551" hits="1"/>
						<line number="554" hits="1"/>
						<line number="555" hits="1"/>
						<line number="556" hits="1" branch="true" condition-coverage="100% (2/2)"/>
						<line number="557" hits="1"/>
						<line number="558" hits="1" branch="true" condition-coverage="100% (2/2)"/>
						<line number="559" hits="1"/>
						<line number="560" hits="1" branch="true" condition-coverage="100% (2/2)"/>
						<line number="561" hits="1"/>
						<line number="562" hits="1"/>
						<line number="563" hits="1"/>
						<line number="564" hits="1" branch="true" condition-coverage="100% (2/2)"/>
						<line number="565" hits="1" branch="true" condition-coverage="100% (2/2)"/>
						<line number="566" hits="1"/>
						<line number="567" hits="1"/>
						<line number="570" hits="1"/>
						<line number="577" hits="1"/>
						<line number="579" hits="1"/>
						<line number="582" hits="1"/>
						<line number="587" hits="1"/>
						<line number="588" hits="1"/>
						<line number="589" hits="1" branch="true" condition-coverage="100% (2/2)"/>
						<line number="590" hits="1"/>
						<line number="591" hits="1"/>
						<line number="592" hits="1"/>
						<line number="593" hits="1" branch="true" condition-coverage="100% (2/2)"/>
						<line number="594" hits="1"/>
						<line number="595" hits="1"/>
						<line number="596" hits="1"/>
						<line number="597" hits="1"/>
						<line number="602" hits="1"/>
						<line number="603" hits="1" branch="true" condition-coverage="100% (2/2)"/>
						<line number="604" hits="1"/>
						<line number="605" hits="1" branch="true" condition-coverage="100% (2/2)"/>
						<line number="606" hits="1"/>
						<line number="607" hits="1" branch="true" condition-coverage="100% (2/2)"/>
						<line number="608" hits="1"/>
						<line number="609" hits="1"/>
						<line number="610" hits="1" branch="true" condition-coverage="50% (1/2)" missing-branches="611"/>
						<line number="611" hits="0"/>
						<line number="614" hits="1" branch="true" condition-coverage="100% (2/2)"/>
						<line number="619" hits="1"/>
						<line number="620" hits="1"/>
						<line number="623" hits="1"/>
						<line number="632" hits="1"/>
						<line number="633" hits="1" branch="true" condition-coverage="50% (1/2)" missing-branches="635"/>
						<line number="634" hits="1"/>
						<line number="635" hits="1" branch="true" condition-coverage="50% (1/2)" missing-branches="637"/>
						<line number="636" hits="1"/>
						<line number="637" hits="1" branch="true" condition-coverage="100% (2/2)"/>
						<line number="638" hits="1"/>
						<line number="639" hits="1"/>
						<line number="640" hits="1"/>
						<line number="649" hits="1"/>
						<line number="650" hits="1" branch="true" condition-coverage="100% (2/2)"/>
						<line number="653" hits="1"/>
						<line number="661" hits="1" branch="true" condition-coverage="100% (2/2)"/>
						<line number="662" hits="1" branch="true" condition-coverage="100% (2/2)"/>
						<line number="663" hits="1"/>
						<line number="664" hits="1" branch="true" condition-coverage="100% (2/2)"/>
						<line number="665" hits="1"/>
						<line number="666" hits="1"/>
						<line number="667" hits="1"/>
						<line number="670" hits="1"/>
						<line number="671" hits="1"/>
						<line number="672" hits="1"/>
						<line number="673" hits="1" branch="true" condition-coverage="100% (2/2)"/>
						<line number="674" hits="1" branch="true" condition-coverage="100% (2/2)"/>
						<line number="675" hits="1"/>
						<line number="676" hits="1"/>
						<line number="677" hits="1" branch="true" condition-coverage="50% (1/2)" missing-branches="673"/>
						<line number="678" hits="1"/>
						<line number="679" hits="1"/>
						<line number="680" hits="0"/>
						<line number="681" hits="0"/>
						<line number="682" hits="1" branch="true" condition-coverage="50% (1/2)" missing-branches="683"/>
						<line number="683" hits="0"/>
						<line number="684" hits="1"/>
						<line number="685" hits="1" branch="true" condition-coverage="50% (1/2)" missing-branches="687"/>
						<line number="686" hits="1"/>
						<line number="687" hits="0"/>
						<line number="688" hits="0" branch="true" condition-coverage="0% (0/2)" missing-branches="689,690"/>
						<line number="689" hits="0"/>
						<line number="690" hits="0" branch="true" condition-coverage="0% (0/2)" missing-branches="691,692"/>
						<line number="691" hits="0"/>
						<line number="692" hits="0"/>
						<line number="695" hits="1"/>
						<line number="706" hits="1"/>
						<line number="707" hits="1"/>
						<line number="708" hits="1"/>
						<line number="709" hits="1"/>
						<line number="711" hits="1" branch="true" condition-coverage="50% (1/2)" missing-branches="723"/>
						<line number="712" hits="1" branch="true" condition-coverage="100% (2/2)"/>
						<line number="723" hits="1" branch="true" condition-coverage="100% (2/2)"/>
						<line number="724" hits="1"/>
						<line number="725" hits="1"/>
						<line number="726" hits="1"/>
						<line number="727" hits="0"/>
						<line number="728" hits="0"/>
						<line number="729" hits="1" branch="true" condition-coverage="100% (2/2)"/>
						<line number="730" hits="1"/>
						<line number="731" hits="1"/>
						<line number="734" hits="1"/>
						<line number="735" hits="1" branch="true" condition-coverage="100% (2/2)"/>
						<line number="736" hits="1"/>
						<line number="737" hits="1"/>
						<line number="740" hits="1"/>
						<line number="741" hits="1" branch="true" condition-coverage="50% (1/2)" missing-branches="742"/>
						<line number="742" hits="0"/>
						<line number="744" hits="1"/>
						<line number="747" hits="1"/>
						<line number="748" hits="1"/>
						<line number="749" hits="1"/>
						<line number="750" hits="1"/>
						<line number="752" hits="1"/>
						<line number="753" hits="1" branch="true" condition-coverage="100% (2/2)"/>
						<line number="761" hits="1"/>
						<line number="762" hits="1"/>
						<line number="763" hits="1"/>
						<line number="765" hits="1"/>
						<line number="766" hits="1" branch="true" condition-coverage="50% (1/2)" missing-branches="772"/>
						<line number="770" hits="1"/>
						<line number="771" hits="1"/>
						<line number="772" hits="0"/>
						<line number="773" hits="0"/>
						<line number="776" hits="1"/>
						<line number="777" hits="1"/>
						<line number="778" hits="1"/>
						<line number="779" hits="1"/>
						<line number="780" hits="1"/>
						<line number="781" hits="1"/>
						<line number="782" hits="1"/>
						<line number="783" hits="1"/>
						<line number="784" hits="1"/>
						<line number="785" hits="1"/>
						<line number="787" hits="1"/>
						<line number="788" hits="0"/>
						<line number="789" hits="0"/>
						<line number="791" hits="1"/>
						<line number="792" hits="1"/>
						<line number="795" hits="1"/>
						<line number="796" hits="1"/>
						<line number="797" hits="1"/>
						<line number="800" hits="1"/>
						<line number="802" hits="1"/>
						<line number="803" hits="0"/>
						<line number="804" hits="0" branch="true" condition-coverage="0% (0/2)" missing-branches="exit,805"/>
						<line number="805" hits="0"/>
						<line number="806" hits="0"/>
						<line number="807" hits="0"/>
						<line number="808" hits="0" branch="true" condition-coverage="0% (0/2)" missing-branches="809,820"/>
						<line number="809" hits="0"/>
						<line number="810" hits="0"/>
						<line number="817" hits="0"/>
						<line number="818" hits="0"/>
						<line number="819" hits="0"/>
						<line number="820" hits="0"/>
						<line number="821" hits="0"/>
						<line number="823" hits="1"/>
						<line number="824" hits="1"/>
						<line number="825" hits="1" branch="true" condition-coverage="50% (1/2)" missing-branches="exit"/>
						<line number="826" hits="1"/>
						<line number="827" hits="1"/>
						<line number="828" hits="1"/>
						<line number="829" hits="1"/>
						<line number="830" hits="1" branch="true" condition-coverage="100% (2/2)"/>
						<line number="831" hits="1"/>
						<line number="832" hits="1"/>
						<line number="839" hits="1"/>
						<line number="840" hits="0"/>
						<line number="841" hits="0"/>
						<line number="842" hits="1"/>
						<line number="843" hits="1"/>
						<line number="845" hits="1"/>
						<line number="846" hits="0"/>
						<line number="848" hits="1"/>
						<line number="849" hits="0"/>
						<line number="850" hits="0"/>
						<line number="853" hits="1"/>
						<line number="856" hits="1"/>
						<line number="857" hits="1"/>
						<line number="858" hits="1"/>
						<line number="859" hits="1"/>
						<line number="861" hits="1"/>
						<line number="863" hits="1"/>
						<line number="864" hits="1"/>
						<line number="865" hits="1"/>
						<line number="867" hits="1"/>
						<line number="869" hits="1" branch="true" condition-coverage="100% (2/2)"/>
						<line number="870" hits="1"/>
						<line number="871" hits="1"/>
						<line number="872" hits="1"/>
						<line number="873" hits="1"/>
						<line number="874" hits="0"/>
						<line number="875" hits="0"/>
						<line number="879" hits="1"/>
						<line number="880" hits="1"/>
						<line number="882" hits="1"/>
						<line number="883" hits="1"/>
						<line number="886" hits="1"/>
						<line number="887" hits="1"/>
						<line number="889" hits="1"/>
						<line number="890" hits="1"/>
						<line number="892" hits="1" branch="true" condition-coverage="50% (1/2)" missing-branches="893"/>
						<line number="893" hits="0"/>
						<line number="895" hits="1" branch="true" condition-coverage="50% (1/2)" missing-branches="exit"/>
						<line number="896" hits="1"/>
						<line number="897" hits="1"/>
						<line number="898" hits="1"/>
						<line number="899" hits="1" branch="true" condition-coverage="100% (2/2)"/>
						<line number="900" hits="1" branch="true" condition-coverage="100% (2/2)"/>
						<line number="901" hits="1"/>
						<line number="907" hits="0"/>
						<line number="908" hits="0"/>
						<line number="912" hits="1"/>
						<line number="913" hits="1"/>
						<line number="914" hits="1"/>
						<line number="915" hits="1"/>
						<line number="916" hits="0"/>
						<line number="918" hits="0"/>
						<line number="919" hits="1"/>
						<line number="920" hits="1" branch="true" condition-coverage="100% (2/2)"/>
						<line number="927" hits="1"/>
						<line number="929" hits="1"/>
						<line number="930" hits="1"/>
						<line number="966" hits="1"/>
						<line number="968" hits="1"/>
						<line number="969" hits="0"/>
						<line number="970" hits="0"/>
						<line number="973" hits="0"/>
						<line number="974" hits="0"/>
						<line number="976" hits="1"/>
						<line number="978" hits="1" branch="true" condition-coverage="50% (1/2)" missing-branches="980"/>
						<line number="979" hits="1"/>
						<line number="980" hits="0" branch="true" condition-coverage="0% (0/2)" missing-branches="981,983"/>
						<line number="981" hits="0"/>
						<line number="983" hits="0"/>
						<line number="985" hits="1"/>
						<line number="986" hits="1" branch="true" condition-coverage="50% (1/2)" missing-branches="989"/>
						<line number="987" hits="1" branch="true" condition-coverage="50% (1/2)" missing-branches="exit"/>
						<line number="988" hits="1"/>
						<line number="989" hits="0" branch="true" condition-coverage="0% (0/2)" missing-branches="990,993"/>
						<line number="990" hits="0" branch="true" condition-coverage="0% (0/2)" missing-branches="exit,991"/>
						<line number="991" hits="0"/>
						<line number="993" hits="0"/>
						<line number="995" hits="1"/>
						<line number="997" hits="0"/>
						<line number="1000" hits="0"/>
						<line number="1002" hits="1"/>
						<line number="1003" hits="0"/>
						<line number="1004" hits="0"/>
						<line number="1006" hits="0"/>
						<line number="1008" hits="1"/>
						<line number="1014" hits="0"/>
						<line number="1015" hits="0" branch="true" condition-coverage="0% (0/2)" missing-branches="1016,1020"/>
						<line number="1016" hits="0" branch="true" condition-coverage="0% (0/2)" missing-branches="1017,1019"/>
						<line number="1017" hits="0"/>
						<line number="1019" hits="0"/>
						<line number="1020" hits="0"/>
						<line number="1022" hits="0"/>
						<line number="1025" hits="0" branch="true" condition-coverage="0% (0/2)" missing-branches="1026,1032"/>
						<line number="1026" hits="0" branch="true" condition-coverage="0% (0/2)" missing-branches="1025,1027"/>
						<line number="1027" hits="0" branch="true" condition-coverage="0% (0/2)" missing-branches="1028,1030"/>
						<line number="1028" hits="0"/>
						<line number="1030" hits="0"/>
						<line number="1032" hits="0" branch="true" condition-coverage="0% (0/2)" missing-branches="1035,1037"/>
						<line number="1035" hits="0" branch="true" condition-coverage="0% (0/2)" missing-branches="1032,1036"/>
						<line number="1036" hits="0"/>
						<line number="1037" hits="0"/>
						<line number="1039" hits="1"/>
						<line number="1052" hits="1"/>
						<line number="1054" hits="1" branch="true" condition-coverage="100% (2/2)"/>
						<line number="1057" hits="1"/>
						<line number="1063" hits="1"/>
						<line number="1069" hits="1"/>
						<line number="1074" hits="1"/>
						<line number="1076" hits="1"/>
						<line number="1078" hits="1"/>
						<line number="1080" hits="1"/>
						<line number="1081" hits="1"/>
						<line number="1082" hits="1"/>
						<line number="1086" hits="1"/>
						<line number="1087" hits="1"/>
						<line number="1102" hits="1"/>
						<line number="1103" hits="1"/>
						<line number="1104" hits="1"/>
						<line number="1105" hits="1"/>
						<line number="1107" hits="1"/>
						<line number="1109" hits="1"/>
						<line number="1110" hits="1"/>
						<line number="1111" hits="1" branch="true" condition-coverage="50% (1/2)" missing-branches="1112"/>
						<line number="1112" hits="0"/>
						<line number="1115" hits="1"/>
						<line number="1116" hits="1" branch="true" condition-coverage="100% (2/2)"/>
						<line number="1117" hits="1" branch="true" condition-coverage="50% (1/2)" missing-branches="1118"/>
						<line number="1118" hits="0"/>
						<line number="1124" hits="1"/>
						<line number="1129" hits="1"/>
						<line number="1131" hits="1"/>
						<line number="1132" hits="1"/>
						<line number="1140" hits="0"/>
						<line number="1141" hits="0"/>
						<line number="1142" hits="1" branch="true" condition-coverage="50% (1/2)" missing-branches="1143"/>
						<line number="1143" hits="0"/>
						<line number="1145" hits="1"/>
						<line number="1146" hits="1"/>
						<line number="1147" hits="1" branch="true" condition-coverage="50% (1/2)" missing-branches="1148"/>
						<line number="1148" hits="0"/>
						<line number="1151" hits="0"/>
						<line number="1152" hits="0"/>
						<line number="1153" hits="1"/>
						<line number="1155" hits="1"/>
						<line number="1156" hits="1"/>
						<line number="1183" hits="1"/>
						<line number="1184" hits="1"/>
						<line number="1185" hits="1"/>
						<line number="1187" hits="1"/>
						<line number="1189" hits="1"/>
						<line number="1190" hits="1"/>
						<line number="1192" hits="1" branch="true" condition-coverage="100% (2/2)"/>
						<line number="1193" hits="1"/>
						<line number="1195" hits="1"/>
						<line number="1196" hits="1"/>
						<line number="1197" hits="1" branch="true" condition-coverage="100% (2/2)"/>
						<line number="1198" hits="1"/>
						<line number="1205" hits="1" branch="true" condition-coverage="100% (2/2)"/>
						<line number="1206" hits="1"/>
						<line number="1207" hits="1"/>
						<line number="1211" hits="1"/>
						<line number="1213" hits="1" branch="true" condition-coverage="50% (1/2)" missing-branches="1223"/>
						<line number="1215" hits="1"/>
						<line number="1217" hits="1" branch="true" condition-coverage="50% (1/2)" missing-branches="1223"/>
						<line number="1218" hits="1"/>
						<line number="1223" hits="1" branch="true" condition-coverage="50% (1/2)" missing-branches="1224"/>
						<line number="1224" hits="0"/>
						<line number="1225" hits="1" branch="true" condition-coverage="50% (1/2)" missing-branches="1226"/>
						<line number="1226" hits="0"/>
						<line number="1227" hits="1" branch="true" condition-coverage="50% (1/2)" missing-branches="1228"/>
						<line number="1228" hits="0" branch="true" condition-coverage="0% (0/2)" missing-branches="exit,1309"/>
						<line number="1233" hits="1"/>
						<line number="1234" hits="1" branch="true" condition-coverage="50% (1/2)" missing-branches="1235"/>
						<line number="1235" hits="0" branch="true" condition-coverage="0% (0/2)" missing-branches="exit,1309"/>
						<line number="1236" hits="1"/>
						<line number="1237" hits="1"/>
						<line number="1238" hits="1" branch="true" condition-coverage="100% (2/2)"/>
						<line number="1239" hits="1"/>
						<line number="1240" hits="1"/>
						<line number="1241" hits="1"/>
						<line number="1243" hits="1"/>
						<line number="1250" hits="0"/>
						<line number="1251" hits="0"/>
						<line number="1252" hits="1" branch="true" condition-coverage="50% (1/2)" missing-branches="1253"/>
						<line number="1253" hits="0" branch="true" condition-coverage="0% (0/2)" missing-branches="exit,1309"/>
						<line number="1254" hits="1"/>
						<line number="1255" hits="1"/>
						<line number="1262" hits="1"/>
						<line number="1264" hits="1"/>
						<line number="1267" hits="1"/>
						<line number="1268" hits="1"/>
						<line number="1270" hits="1"/>
						<line number="1272" hits="1"/>
						<line number="1273" hits="1" branch="true" condition-coverage="50% (1/2)" missing-branches="1274"/>
						<line number="1274" hits="0"/>
						<line number="1276" hits="1"/>
						<line number="1278" hits="1" branch="true" condition-coverage="66% (2/3)" missing-branches="1283"/>
						<line number="1283" hits="0"/>
						<line number="1288" hits="1"/>
						<line number="1289" hits="1"/>
						<line number="1291" hits="1"/>
						<line number="1292" hits="1"/>
						<line number="1293" hits="1"/>
						<line number="1294" hits="1"/>
						<line number="1301" hits="0"/>
						<line number="1302" hits="0"/>
						<line number="1303" hits="0"/>
						<line number="1304" hits="0"/>
						<line number="1305" hits="0"/>
						<line number="1306" hits="0" branch="true" condition-coverage="0% (0/2)" missing-branches="exit,1309"/>
						<line number="1309" hits="1" branch="true" condition-coverage="20% (1/5)" missing-branches="1228,1235,1253,1306"/>
						<line number="1310" hits="1" branch="true" condition-coverage="50% (1/2)" missing-branches="1311"/>
						<line number="1311" hits="0"/>
						<line number="1312" hits="1" branch="true" condition-coverage="50% (1/2)" missing-branches="1313"/>
						<line number="1313" hits="0"/>
						<line number="1316" hits="0"/>
						<line number="1317" hits="1"/>
						<line number="1318" hits="1"/>
						<line number="1319" hits="1"/>
						<line number="1321" hits="1"/>
						<line number="1322" hits="1"/>
						<line number="1323" hits="1"/>
						<line number="1324" hits="1"/>
						<line number="1325" hits="1" branch="true" condition-coverage="50% (1/2)" missing-branches="1326"/>
						<line number="1326" hits="0"/>
						<line number="1330" hits="1" branch="true" condition-coverage="50% (1/2)" missing-branches="1331"/>
						<line number="1331" hits="0"/>
						<line number="1334" hits="1"/>
						<line number="1335" hits="1"/>
						<line number="1336" hits="1"/>
						<line number="1337" hits="0"/>
						<line number="1338" hits="0"/>
						<line number="1339" hits="0"/>
						<line number="1341" hits="1"/>
						<line number="1354" hits="1"/>
						<line number="1355" hits="1"/>
						<line number="1356" hits="1"/>
						<line number="1357" hits="1"/>
						<line number="1358" hits="1" branch="true" condition-coverage="50% (1/2)" missing-branches="1359"/>
						<line number="1359" hits="0"/>
						<line number="1366" hits="1"/>
						<line number="1367" hits="1"/>
						<line number="1368" hits="1" branch="true" condition-coverage="100% (2/2)"/>
						<line number="1369" hits="1"/>
						<line number="1373" hits="1"/>
						<line number="1374" hits="0"/>
						<line number="1375" hits="0" branch="true" condition-coverage="0% (0/2)" missing-branches="1376,1377"/>
						<line number="1376" hits="0"/>
						<line number="1377" hits="0"/>
						<line number="1378" hits="1" branch="true" condition-coverage="50% (1/2)" missing-branches="1379"/>
						<line number="1379" hits="0"/>
						<line number="1381" hits="1"/>
						<line number="1382" hits="1" branch="true" condition-coverage="50% (1/2)" missing-branches="1383"/>
						<line number="1383" hits="0"/>
						<line number="1384" hits="1" branch="true" condition-coverage="50% (1/2)" missing-branches="1385"/>
						<line number="1385" hits="0"/>
						<line number="1386" hits="1" branch="true" condition-coverage="100% (2/2)"/>
						<line number="1387" hits="1"/>
						<line number="1392" hits="1" branch="true" condition-coverage="50% (1/2)" missing-branches="1393"/>
						<line number="1393" hits="0"/>
						<line number="1400" hits="1"/>
						<line number="1401" hits="1"/>
						<line number="1402" hits="1"/>
						<line number="1404" hits="1"/>
						<line number="1405" hits="1"/>
						<line number="1445" hits="1"/>
						<line number="1446" hits="1"/>
						<line number="1447" hits="1"/>
						<line number="1449" hits="1" branch="true" condition-coverage="100% (2/2)"/>
						<line number="1450" hits="1"/>
						<line number="1451" hits="1"/>
						<line number="1454" hits="1"/>
						<line number="1455" hits="1"/>
						<line number="1458" hits="1"/>
						<line number="1459" hits="1"/>
						<line number="1461" hits="1"/>
						<line number="1464" hits="1"/>
						<line number="1466" hits="1"/>
						<line number="1467" hits="1"/>
						<line number="1471" hits="1"/>
						<line number="1476" hits="1" branch="true" condition-coverage="100% (2/2)"/>
						<line number="1477" hits="1"/>
						<line number="1481" hits="1"/>
						<line number="1482" hits="1"/>
						<line number="1483" hits="1"/>
						<line number="1484" hits="1"/>
						<line number="1485" hits="1"/>
						<line number="1486" hits="1"/>
						<line number="1487" hits="1"/>
						<line number="1488" hits="1" branch="true" condition-coverage="100% (2/2)"/>
						<line number="1489" hits="1"/>
						<line number="1490" hits="1" branch="true" condition-coverage="100% (2/2)"/>
						<line number="1491" hits="1"/>
						<line number="1493" hits="1" branch="true" condition-coverage="100% (2/2)"/>
						<line number="1495" hits="1"/>
						<line number="1496" hits="1"/>
						<line number="1497" hits="1"/>
						<line number="1498" hits="1"/>
						<line number="1499" hits="1"/>
						<line number="1500" hits="1" branch="true" condition-coverage="100% (2/2)"/>
						<line number="1501" hits="1"/>
						<line number="1504" hits="1" branch="true" condition-coverage="50% (1/2)" missing-branches="1515"/>
						<line number="1505" hits="1"/>
						<line number="1515" hits="0"/>
						<line number="1517" hits="0" branch="true" condition-coverage="0% (0/2)" missing-branches="1518,1539"/>
						<line number="1518" hits="0" branch="true" condition-coverage="0% (0/2)" missing-branches="1519,1524"/>
						<line number="1519" hits="0"/>
						<line number="1524" hits="0"/>
						<line number="1534" hits="0"/>
						<line number="1538" hits="0"/>
						<line number="1539" hits="0" branch="true" condition-coverage="0% (0/2)" missing-branches="1540,1561"/>
						<line number="1540" hits="0"/>
						<line number="1545" hits="0"/>
						<line number="1555" hits="0"/>
						<line number="1559" hits="0"/>
						<line number="1561" hits="0"/>
						<line number="1562" hits="0" branch="true" condition-coverage="0% (0/2)" missing-branches="1563,1688"/>
						<line number="1563" hits="0"/>
						<line number="1564" hits="0"/>
						<line number="1568" hits="1" branch="true" condition-coverage="50% (1/2)" missing-branches="1569"/>
						<line number="1569" hits="0"/>
						<line number="1575" hits="1"/>
						<line number="1576" hits="1" branch="true" condition-coverage="100% (2/2)"/>
						<line number="1577" hits="1"/>
						<line number="1578" hits="1"/>
						<line number="1579" hits="1"/>
						<line number="1580" hits="1"/>
						<line number="1581" hits="1"/>
						<line number="1582" hits="1"/>
						<line number="1583" hits="1" branch="true" condition-coverage="50% (1/2)" missing-branches="1591"/>
						<line number="1584" hits="1" branch="true" condition-coverage="50% (1/2)" missing-branches="1587"/>
						<line number="1585" hits="1"/>
						<line number="1587" hits="1"/>
						<line number="1591" hits="0"/>
						<line number="1594" hits="1" branch="true" condition-coverage="100% (2/2)"/>
						<line number="1595" hits="1"/>
						<line number="1598" hits="1" branch="true" condition-coverage="100% (2/2)"/>
						<line number="1600" hits="1"/>
						<line number="1601" hits="1" branch="true" condition-coverage="100% (2/2)"/>
						<line number="1602" hits="1"/>
						<line number="1603" hits="1" branch="true" condition-coverage="50% (1/2)" missing-branches="1601"/>
						<line number="1605" hits="1"/>
						<line number="1606" hits="1"/>
						<line number="1607" hits="1"/>
						<line number="1609" hits="1" branch="true" condition-coverage="50% (1/2)" missing-branches="1610"/>
						<line number="1610" hits="0"/>
						<line number="1616" hits="1" branch="true" condition-coverage="50% (1/2)" missing-branches="1626"/>
						<line number="1617" hits="1"/>
						<line number="1618" hits="1"/>
						<line number="1626" hits="1"/>
						<line number="1631" hits="1" branch="true" condition-coverage="100% (2/2)"/>
						<line number="1632" hits="1"/>
						<line number="1638" hits="1" branch="true" condition-coverage="100% (2/2)"/>
						<line number="1639" hits="1"/>
						<line number="1640" hits="1" branch="true" condition-coverage="50% (1/2)" missing-branches="1642"/>
						<line number="1641" hits="1"/>
						<line number="1642" hits="1" branch="true" condition-coverage="50% (1/2)" missing-branches="1643"/>
						<line number="1643" hits="0"/>
						<line number="1644" hits="1" branch="true" condition-coverage="50% (1/2)" missing-branches="1688"/>
						<line number="1645" hits="1"/>
						<line number="1646" hits="1"/>
						<line number="1647" hits="1"/>
						<line number="1648" hits="1" branch="true" condition-coverage="50% (1/2)" missing-branches="1666"/>
						<line number="1649" hits="1"/>
						<line number="1650" hits="1"/>
						<line number="1655" hits="1"/>
						<line number="1656" hits="1"/>
						<line number="1657" hits="1"/>
						<line number="1658" hits="1"/>
						<line number="1659" hits="1"/>
						<line number="1660" hits="1" branch="true" condition-coverage="50% (1/2)" missing-branches="1648"/>
						<line number="1662" hits="1"/>
						<line number="1663" hits="1"/>
						<line number="1664" hits="1"/>
						<line number="1665" hits="1"/>
						<line number="1666" hits="1" branch="true" condition-coverage="50% (1/2)" missing-branches="1667"/>
						<line number="1667" hits="0"/>
						<line number="1672" hits="1"/>
						<line number="1673" hits="1"/>
						<line number="1674" hits="1" branch="true" condition-coverage="50% (1/2)" missing-branches="1680"/>
						<line number="1675" hits="1"/>
						<line number="1676" hits="1"/>
						<line number="1677" hits="1"/>
						<line number="1678" hits="0"/>
						<line number="1679" hits="0"/>
						<line number="1680" hits="1"/>
						<line number="1681" hits="1" branch="true" condition-coverage="50% (1/2)" missing-branches="1682"/>
						<line number="1682" hits="0"/>
						<line number="1688" hits="1" branch="true" condition-coverage="50% (1/2)" missing-branches="1692"/>
						<line number="1689" hits="1"/>
						<line number="1690" hits="1"/>
						<line number="1692" hits="1" branch="true" condition-coverage="50% (1/2)" missing-branches="1693"/>
						<line number="1693" hits="0" branch="true" condition-coverage="0% (0/2)" missing-branches="1692,1694"/>
						<line number="1694" hits="0"/>
						<line number="1701" hits="1"/>
						<line number="1702" hits="1" branch="true" condition-coverage="50% (1/2)" missing-branches="1704"/>
						<line number="1703" hits="1"/>
						<line number="1704" hits="1"/>
						<line number="1705" hits="1"/>
						<line number="1706" hits="1"/>
						<line number="1707" hits="1"/>
						<line number="1714" hits="1"/>
						<line number="1717" hits="1"/>
						<line number="1718" hits="1"/>
						<line number="1719" hits="1" branch="true" condition-coverage="100% (2/2)"/>
						<line number="1720" hits="1"/>
					</lines>
				</class>
			</classes>
		</package>
	</packages>
</coverage>
